<?xml version="1.0" encoding="UTF-8"?>
<!-- Generated by org.testng.reporters.JUnitReportReporter -->
<testsuite hostname="LAPTOP-MH6LOE0M" failures="0" tests="1" name="testCases.TC_001_registerpage" time="2.423" errors="0" timestamp="2022-12-28T14:58:23 IST" skipped="0">
  <testcase classname="testCases.TC_001_registerpage" name="registering_account" time="2.423"/>
  <system-out/>
</testsuite> <!-- testCases.TC_001_registerpage -->
