<?xml version="1.0" encoding="UTF-8"?>
<!-- Generated by org.testng.reporters.JUnitReportReporter -->
<testsuite hostname="LAPTOP-MH6LOE0M" failures="0" tests="1" name="testCases.TC_001_registerpage" time="2.101" errors="0" timestamp="2023-01-01T16:56:31 IST" skipped="0">
  <testcase classname="testCases.TC_001_registerpage" name="registering_account" time="2.101"/>
  <system-out/>
</testsuite> <!-- testCases.TC_001_registerpage -->
